0 info it worked if it ends with ok
1 verbose cli [ 'D:\\Program Files\\nodejs\\node.exe',
1 verbose cli   'D:\\Program Files\\nodejs\\node_modules\\npm\\bin\\npm-cli.js',
1 verbose cli   'start' ]
2 info using npm@3.10.10
3 info using node@v6.11.3
4 verbose run-script [ 'prestart', 'start', 'poststart' ]
5 info lifecycle work@0.0.0~prestart: work@0.0.0
6 silly lifecycle work@0.0.0~prestart: no script for prestart, continuing
7 info lifecycle work@0.0.0~start: work@0.0.0
8 verbose lifecycle work@0.0.0~start: unsafe-perm in lifecycle true
9 verbose lifecycle work@0.0.0~start: PATH: D:\Program Files\nodejs\node_modules\npm\bin\node-gyp-bin;D:\2017年10月 Node重修\10.30home\work\node_modules\.bin;C:\Program Files (x86)\Intel\TXE Components\TCS\;C:\Program Files\Intel\TXE Components\TCS\;C:\Windows\system32;C:\Windows;C:\Windows\System32\Wbem;C:\Windows\System32\WindowsPowerShell\v1.0\;C:\Program Files\Intel\TXE Components\DAL\;C:\Program Files (x86)\Intel\TXE Components\DAL\;C:\Program Files\Intel\TXE Components\IPT\;C:\Program Files (x86)\Intel\TXE Components\IPT\;D:\Program Files\nodejs\;C:\Program Files (x86)\Git\cmd;C:\Program Files (x86)\Git\mingw32\bin;C:\Program Files (x86)\Git\usr\bin;C:\Program Files (x86)\MySQL\MySQL Server 5.5\bin;C:\Users\ASUS\AppData\Roaming\npm;C:\Users\ASUS\AppData\Roaming\npm\node_modules\http-server\bin;C:\Program Files\Microsoft VS Code\bin
10 verbose lifecycle work@0.0.0~start: CWD: D:\2017年10月 Node重修\10.30home\work
11 silly lifecycle work@0.0.0~start: Args: [ '/d /s /c', 'node ./bin/www' ]
12 verbose stack Error: kill ENOSYS
12 verbose stack     at exports._errnoException (util.js:1020:11)
12 verbose stack     at process.kill (internal/process.js:190:13)
12 verbose stack     at process.listener (D:\Program Files\nodejs\node_modules\npm\node_modules\npmlog\node_modules\gauge\node_modules\signal-exit\index.js:86:15)
12 verbose stack     at emitNone (events.js:91:20)
12 verbose stack     at process.emit (events.js:185:7)
12 verbose stack     at processEmit (D:\Program Files\nodejs\node_modules\npm\node_modules\npmlog\node_modules\gauge\node_modules\signal-exit\index.js:146:32)
12 verbose stack     at processEmit (D:\Program Files\nodejs\node_modules\npm\node_modules\npm-registry-client\node_modules\npmlog\node_modules\gauge\node_modules\signal-exit\index.js:146:32)
12 verbose stack     at Signal.wrap.onsignal (internal/process.js:217:44)
13 verbose cwd D:\2017年10月 Node重修\10.30home\work
14 error Windows_NT 10.0.10586
15 error argv "D:\\Program Files\\nodejs\\node.exe" "D:\\Program Files\\nodejs\\node_modules\\npm\\bin\\npm-cli.js" "start"
16 error node v6.11.3
17 error npm  v3.10.10
18 error code ENOSYS
19 error errno ENOSYS
20 error syscall kill
21 error kill ENOSYS
22 error If you need help, you may report this error at:
22 error     <https://github.com/npm/npm/issues>
23 verbose exit [ 1, true ]
